<?xml version="1.0" encoding="UTF-8"?>
<!-- Generated by org.testng.reporters.JUnitXMLReporter -->
<testsuite hostname="mokshagnya" ignored="0" name="yahoo test" tests="1" failures="1" timestamp="04 Mar 2019 20:15:47 GMT" time="0.089" errors="0">
  <testcase name="yahooTest" time="0.0" classname="com.prameters.ParameterTest">
    <failure type="org.testng.TestNGException" message="
Parameter &amp;apos;browser&amp;apos; is required by @Test on method yahooTest but has not been marked @Optional or defined
in C:\Users\shiva\Desktop\QA SELEMIUM TESTING AND JAVA\duplicate workspace\NaveenPractices\testng.xml">
      <![CDATA[org.testng.TestNGException: 
Parameter 'browser' is required by @Test on method yahooTest but has not been marked @Optional or defined
in C:\Users\shiva\Desktop\QA SELEMIUM TESTING AND JAVA\duplicate workspace\NaveenPractices\testng.xml
... Removed 24 stack frames]]>
    </failure>
  </testcase> <!-- yahooTest -->
</testsuite> <!-- yahoo test -->
